2025-03-06T13:12:20.339+05:30  INFO 1996 --- [AddressBookAppApplication] [restartedMain] c.a.a.AddressBookAppApplication          : Starting AddressBookAppApplication using Java 23.0.2 with PID 1996 (C:\Users\Ankit Rajput\OneDrive\Desktop\addressbookapp\target\classes started by Ankit Rajput in C:\Users\Ankit Rajput\OneDrive\Desktop\addressbookapp)
2025-03-06T13:12:20.339+05:30  INFO 1996 --- [AddressBookAppApplication] [restartedMain] c.a.a.AddressBookAppApplication          : No active profile set, falling back to 1 default profile: "default"
2025-03-06T13:12:20.439+05:30  INFO 1996 --- [AddressBookAppApplication] [restartedMain] .e.DevToolsPropertyDefaultsPostProcessor : Devtools property defaults active! Set 'spring.devtools.add-properties' to 'false' to disable
2025-03-06T13:12:20.439+05:30  INFO 1996 --- [AddressBookAppApplication] [restartedMain] .e.DevToolsPropertyDefaultsPostProcessor : For additional web related logging consider setting the 'logging.level.web' property to 'DEBUG'
2025-03-06T13:12:22.175+05:30  INFO 1996 --- [AddressBookAppApplication] [restartedMain] o.s.b.w.embedded.tomcat.TomcatWebServer  : Tomcat initialized with port 8080 (http)
2025-03-06T13:12:22.190+05:30  INFO 1996 --- [AddressBookAppApplication] [restartedMain] o.apache.catalina.core.StandardService   : Starting service [Tomcat]
2025-03-06T13:12:22.206+05:30  INFO 1996 --- [AddressBookAppApplication] [restartedMain] o.apache.catalina.core.StandardEngine    : Starting Servlet engine: [Apache Tomcat/10.1.36]
2025-03-06T13:12:22.253+05:30  INFO 1996 --- [AddressBookAppApplication] [restartedMain] o.a.c.c.C.[Tomcat].[localhost].[/]       : Initializing Spring embedded WebApplicationContext
2025-03-06T13:12:22.253+05:30  INFO 1996 --- [AddressBookAppApplication] [restartedMain] w.s.c.ServletWebServerApplicationContext : Root WebApplicationContext: initialization completed in 1814 ms
2025-03-06T13:12:22.772+05:30  INFO 1996 --- [AddressBookAppApplication] [restartedMain] o.s.b.d.a.OptionalLiveReloadServer       : LiveReload server is running on port 35729
2025-03-06T13:12:22.821+05:30  INFO 1996 --- [AddressBookAppApplication] [restartedMain] o.s.b.w.embedded.tomcat.TomcatWebServer  : Tomcat started on port 8080 (http) with context path '/'
2025-03-06T13:12:22.821+05:30  INFO 1996 --- [AddressBookAppApplication] [restartedMain] c.a.a.AddressBookAppApplication          : Started AddressBookAppApplication in 3.267 seconds (process running for 4.092)
2025-03-06T13:14:22.312+05:30  INFO 1996 --- [AddressBookAppApplication] [SpringApplicationShutdownHook] o.s.b.w.e.tomcat.GracefulShutdown        : Commencing graceful shutdown. Waiting for active requests to complete
2025-03-06T13:14:22.323+05:30  INFO 1996 --- [AddressBookAppApplication] [tomcat-shutdown] o.s.b.w.e.tomcat.GracefulShutdown        : Graceful shutdown complete
2025-03-06T15:01:39.985+05:30  INFO 13092 --- [AddressBookAppApplication ] [restartedMain] c.a.a.AddressBookAppApplication          : Starting AddressBookAppApplication using Java 23.0.2 with PID 13092 (C:\Users\Ankit Rajput\OneDrive\Desktop\addressbookapp\target\classes started by Ankit Rajput in C:\Users\Ankit Rajput\OneDrive\Desktop\addressbookapp)
2025-03-06T15:01:39.985+05:30  INFO 13092 --- [AddressBookAppApplication ] [restartedMain] c.a.a.AddressBookAppApplication          : No active profile set, falling back to 1 default profile: "default"
2025-03-06T15:01:40.091+05:30  INFO 13092 --- [AddressBookAppApplication ] [restartedMain] .e.DevToolsPropertyDefaultsPostProcessor : Devtools property defaults active! Set 'spring.devtools.add-properties' to 'false' to disable
2025-03-06T15:01:40.091+05:30  INFO 13092 --- [AddressBookAppApplication ] [restartedMain] .e.DevToolsPropertyDefaultsPostProcessor : For additional web related logging consider setting the 'logging.level.web' property to 'DEBUG'
2025-03-06T15:01:41.770+05:30  INFO 13092 --- [AddressBookAppApplication ] [restartedMain] o.s.b.w.embedded.tomcat.TomcatWebServer  : Tomcat initialized with port 8080 (http)
2025-03-06T15:01:41.801+05:30  INFO 13092 --- [AddressBookAppApplication ] [restartedMain] o.apache.catalina.core.StandardService   : Starting service [Tomcat]
2025-03-06T15:01:41.801+05:30  INFO 13092 --- [AddressBookAppApplication ] [restartedMain] o.apache.catalina.core.StandardEngine    : Starting Servlet engine: [Apache Tomcat/10.1.36]
2025-03-06T15:01:41.849+05:30  INFO 13092 --- [AddressBookAppApplication ] [restartedMain] o.a.c.c.C.[Tomcat].[localhost].[/]       : Initializing Spring embedded WebApplicationContext
2025-03-06T15:01:41.849+05:30  INFO 13092 --- [AddressBookAppApplication ] [restartedMain] w.s.c.ServletWebServerApplicationContext : Root WebApplicationContext: initialization completed in 1758 ms
2025-03-06T15:01:42.357+05:30  INFO 13092 --- [AddressBookAppApplication ] [restartedMain] o.s.b.d.a.OptionalLiveReloadServer       : LiveReload server is running on port 35729
2025-03-06T15:01:42.386+05:30  INFO 13092 --- [AddressBookAppApplication ] [restartedMain] o.s.b.w.embedded.tomcat.TomcatWebServer  : Tomcat started on port 8080 (http) with context path '/'
2025-03-06T15:01:42.402+05:30  INFO 13092 --- [AddressBookAppApplication ] [restartedMain] c.a.a.AddressBookAppApplication          : Started AddressBookAppApplication in 3.179 seconds (process running for 3.847)
2025-03-06T15:02:00.894+05:30  INFO 13092 --- [AddressBookAppApplication ] [http-nio-8080-exec-3] o.a.c.c.C.[Tomcat].[localhost].[/]       : Initializing Spring DispatcherServlet 'dispatcherServlet'
2025-03-06T15:02:00.894+05:30  INFO 13092 --- [AddressBookAppApplication ] [http-nio-8080-exec-3] o.s.web.servlet.DispatcherServlet        : Initializing Servlet 'dispatcherServlet'
2025-03-06T15:02:00.894+05:30  INFO 13092 --- [AddressBookAppApplication ] [http-nio-8080-exec-3] o.s.web.servlet.DispatcherServlet        : Completed initialization in 0 ms
2025-03-06T15:02:01.178+05:30  WARN 13092 --- [AddressBookAppApplication ] [http-nio-8080-exec-3] .m.m.a.ExceptionHandlerExceptionResolver : Resolved [org.springframework.web.bind.MethodArgumentNotValidException: Validation failed for argument [0] in public org.springframework.http.ResponseEntity<com.addressbook.addressbookapp.model.AddressBook> com.addressbook.addressbookapp.controller.AddressBookController.addAddressBook(com.addressbook.addressbookapp.model.AddressBook) with 2 errors: [Field error in object 'addressBook' on field 'name': rejected value []; codes [Pattern.addressBook.name,Pattern.name,Pattern.java.lang.String,Pattern]; arguments [org.springframework.context.support.DefaultMessageSourceResolvable: codes [addressBook.name,name]; arguments []; default message [name],[Ljakarta.validation.constraints.Pattern$Flag;@28898c8e,^[A-Z][a-z]{2,}]; default message [Name must start with a capital letter and have at least 3 characters]] [Field error in object 'addressBook' on field 'name': rejected value []; codes [NotEmpty.addressBook.name,NotEmpty.name,NotEmpty.java.lang.String,NotEmpty]; arguments [org.springframework.context.support.DefaultMessageSourceResolvable: codes [addressBook.name,name]; arguments []; default message [name]]; default message [name can not be empty]] ]
2025-03-06T15:02:09.531+05:30  WARN 13092 --- [AddressBookAppApplication ] [http-nio-8080-exec-2] .m.m.a.ExceptionHandlerExceptionResolver : Resolved [org.springframework.web.bind.MethodArgumentNotValidException: Validation failed for argument [0] in public org.springframework.http.ResponseEntity<com.addressbook.addressbookapp.model.AddressBook> com.addressbook.addressbookapp.controller.AddressBookController.addAddressBook(com.addressbook.addressbookapp.model.AddressBook): [Field error in object 'addressBook' on field 'name': rejected value [a]; codes [Pattern.addressBook.name,Pattern.name,Pattern.java.lang.String,Pattern]; arguments [org.springframework.context.support.DefaultMessageSourceResolvable: codes [addressBook.name,name]; arguments []; default message [name],[Ljakarta.validation.constraints.Pattern$Flag;@28898c8e,^[A-Z][a-z]{2,}]; default message [Name must start with a capital letter and have at least 3 characters]] ]
